<?xml version="1.0" encoding="UTF-8"?>
<!-- Generated by org.testng.reporters.JUnitReportReporter -->
<testsuite hostname="DESKTOP-EVK9GMC" failures="0" tests="1" name="testscripts.AddingTocart" time="22.187" errors="0" timestamp="16 Feb 2021 01:57:01 GMT" skipped="0">
  <testcase classname="testscripts.AddingTocart" name="addingTocart" time="22.187"/>
</testsuite> <!-- testscripts.AddingTocart -->
